[2022-09-23 15:42:06] local.INFO: array (
  'apikey' => 'aCFowBsUJ8k-KB0egbyZ1Af6IAgX9Gvux2WBp6w2uP',
  'numbers' => '7978817539',
  'sender' => 'ODBUSS',
  'message' => 'Dear%20Lima%2C%20PNR%3A%20ODW123456%2C%20BusDetails%3A%20OR%2002%20AW%202976%2C%20PickUpAddress%3A%20jfhkzfsfgjkfghjhfgf%20%20djfdfg%20%2845355%2C4543545%29%2C%20DepartureTime%3A%205%3A30%20PM%2C%20ReportingTime%3A%202022-09-30%205%3A15%20PM%20-%20ODBUS',
)  
[2022-09-23 15:42:06] local.INFO: https://api.textlocal.in/send/  
[2022-09-23 15:42:06] local.ERROR: Object of class stdClass could not be converted to string {"exception":"[object] (Error(code: 0): Object of class stdClass could not be converted to string at /home/203049.cloudwaysapps.com/psgxpcbmsx/public_html/vendor/monolog/monolog/src/Monolog/Logger.php:563)
[stacktrace]
#0 /home/203049.cloudwaysapps.com/psgxpcbmsx/public_html/vendor/laravel/framework/src/Illuminate/Log/Logger.php(183): Monolog\\Logger->info()
#1 /home/203049.cloudwaysapps.com/psgxpcbmsx/public_html/vendor/laravel/framework/src/Illuminate/Log/Logger.php(130): Illuminate\\Log\\Logger->writeLog()
#2 /home/203049.cloudwaysapps.com/psgxpcbmsx/public_html/vendor/laravel/framework/src/Illuminate/Log/LogManager.php(631): Illuminate\\Log\\Logger->info()
#3 /home/203049.cloudwaysapps.com/psgxpcbmsx/public_html/vendor/laravel/framework/src/Illuminate/Support/Facades/Facade.php(261): Illuminate\\Log\\LogManager->info()
#4 /home/203049.cloudwaysapps.com/psgxpcbmsx/public_html/app/Transformers/DolphinTransformer.php(806): Illuminate\\Support\\Facades\\Facade::__callStatic()
#5 /home/203049.cloudwaysapps.com/psgxpcbmsx/public_html/app/Transformers/DolphinTransformer.php(846): App\\Transformers\\DolphinTransformer->sendsms()
#6 /home/203049.cloudwaysapps.com/psgxpcbmsx/public_html/app/Http/Controllers/SoapController.php(38): App\\Transformers\\DolphinTransformer->FetchTicketPrintData()
#7 /home/203049.cloudwaysapps.com/psgxpcbmsx/public_html/vendor/laravel/framework/src/Illuminate/Routing/ControllerDispatcher.php(48): App\\Http\\Controllers\\SoapController->DolphinCronJobEmailSms()
#8 /home/203049.cloudwaysapps.com/psgxpcbmsx/public_html/vendor/laravel/framework/src/Illuminate/Routing/Route.php(262): Illuminate\\Routing\\ControllerDispatcher->dispatch()
#9 /home/203049.cloudwaysapps.com/psgxpcbmsx/public_html/vendor/laravel/framework/src/Illuminate/Routing/Route.php(205): Illuminate\\Routing\\Route->runController()
#10 /home/203049.cloudwaysapps.com/psgxpcbmsx/public_html/vendor/laravel/framework/src/Illuminate/Routing/Router.php(721): Illuminate\\Routing\\Route->run()
#11 /home/203049.cloudwaysapps.com/psgxpcbmsx/public_html/vendor/laravel/framework/src/Illuminate/Pipeline/Pipeline.php(128): Illuminate\\Routing\\Router->Illuminate\\Routing\\{closure}()
#12 /home/203049.cloudwaysapps.com/psgxpcbmsx/public_html/vendor/laravel/framework/src/Illuminate/Routing/Middleware/ThrottleRequests.php(127): Illuminate\\Pipeline\\Pipeline->Illuminate\\Pipeline\\{closure}()
#13 /home/203049.cloudwaysapps.com/psgxpcbmsx/public_html/vendor/laravel/framework/src/Illuminate/Routing/Middleware/ThrottleRequests.php(63): Illuminate\\Routing\\Middleware\\ThrottleRequests->handleRequest()
#14 /home/203049.cloudwaysapps.com/psgxpcbmsx/public_html/vendor/laravel/framework/src/Illuminate/Pipeline/Pipeline.php(167): Illuminate\\Routing\\Middleware\\ThrottleRequests->handle()
#15 /home/203049.cloudwaysapps.com/psgxpcbmsx/public_html/vendor/laravel/framework/src/Illuminate/Pipeline/Pipeline.php(103): Illuminate\\Pipeline\\Pipeline->Illuminate\\Pipeline\\{closure}()
#16 /home/203049.cloudwaysapps.com/psgxpcbmsx/public_html/vendor/laravel/framework/src/Illuminate/Routing/Router.php(723): Illuminate\\Pipeline\\Pipeline->then()
#17 /home/203049.cloudwaysapps.com/psgxpcbmsx/public_html/vendor/laravel/framework/src/Illuminate/Routing/Router.php(698): Illuminate\\Routing\\Router->runRouteWithinStack()
#18 /home/203049.cloudwaysapps.com/psgxpcbmsx/public_html/vendor/laravel/framework/src/Illuminate/Routing/Router.php(662): Illuminate\\Routing\\Router->runRoute()
#19 /home/203049.cloudwaysapps.com/psgxpcbmsx/public_html/vendor/laravel/framework/src/Illuminate/Routing/Router.php(651): Illuminate\\Routing\\Router->dispatchToRoute()
#20 /home/203049.cloudwaysapps.com/psgxpcbmsx/public_html/vendor/laravel/framework/src/Illuminate/Foundation/Http/Kernel.php(167): Illuminate\\Routing\\Router->dispatch()
#21 /home/203049.cloudwaysapps.com/psgxpcbmsx/public_html/vendor/laravel/framework/src/Illuminate/Pipeline/Pipeline.php(128): Illuminate\\Foundation\\Http\\Kernel->Illuminate\\Foundation\\Http\\{closure}()
#22 /home/203049.cloudwaysapps.com/psgxpcbmsx/public_html/vendor/laravel/framework/src/Illuminate/View/Middleware/ShareErrorsFromSession.php(49): Illuminate\\Pipeline\\Pipeline->Illuminate\\Pipeline\\{closure}()
#23 /home/203049.cloudwaysapps.com/psgxpcbmsx/public_html/vendor/laravel/framework/src/Illuminate/Pipeline/Pipeline.php(167): Illuminate\\View\\Middleware\\ShareErrorsFromSession->handle()
#24 /home/203049.cloudwaysapps.com/psgxpcbmsx/public_html/vendor/laravel/framework/src/Illuminate/Session/Middleware/StartSession.php(121): Illuminate\\Pipeline\\Pipeline->Illuminate\\Pipeline\\{closure}()
#25 /home/203049.cloudwaysapps.com/psgxpcbmsx/public_html/vendor/laravel/framework/src/Illuminate/Session/Middleware/StartSession.php(64): Illuminate\\Session\\Middleware\\StartSession->handleStatefulRequest()
#26 /home/203049.cloudwaysapps.com/psgxpcbmsx/public_html/vendor/laravel/framework/src/Illuminate/Pipeline/Pipeline.php(167): Illuminate\\Session\\Middleware\\StartSession->handle()
#27 /home/203049.cloudwaysapps.com/psgxpcbmsx/public_html/vendor/laravel/framework/src/Illuminate/Foundation/Http/Middleware/TransformsRequest.php(21): Illuminate\\Pipeline\\Pipeline->Illuminate\\Pipeline\\{closure}()
#28 /home/203049.cloudwaysapps.com/psgxpcbmsx/public_html/vendor/laravel/framework/src/Illuminate/Foundation/Http/Middleware/ConvertEmptyStringsToNull.php(31): Illuminate\\Foundation\\Http\\Middleware\\TransformsRequest->handle()
#29 /home/203049.cloudwaysapps.com/psgxpcbmsx/public_html/vendor/laravel/framework/src/Illuminate/Pipeline/Pipeline.php(167): Illuminate\\Foundation\\Http\\Middleware\\ConvertEmptyStringsToNull->handle()
#30 /home/203049.cloudwaysapps.com/psgxpcbmsx/public_html/vendor/laravel/framework/src/Illuminate/Foundation/Http/Middleware/TransformsRequest.php(21): Illuminate\\Pipeline\\Pipeline->Illuminate\\Pipeline\\{closure}()
#31 /home/203049.cloudwaysapps.com/psgxpcbmsx/public_html/vendor/laravel/framework/src/Illuminate/Foundation/Http/Middleware/TrimStrings.php(40): Illuminate\\Foundation\\Http\\Middleware\\TransformsRequest->handle()
#32 /home/203049.cloudwaysapps.com/psgxpcbmsx/public_html/vendor/laravel/framework/src/Illuminate/Pipeline/Pipeline.php(167): Illuminate\\Foundation\\Http\\Middleware\\TrimStrings->handle()
#33 /home/203049.cloudwaysapps.com/psgxpcbmsx/public_html/vendor/laravel/framework/src/Illuminate/Foundation/Http/Middleware/ValidatePostSize.php(27): Illuminate\\Pipeline\\Pipeline->Illuminate\\Pipeline\\{closure}()
#34 /home/203049.cloudwaysapps.com/psgxpcbmsx/public_html/vendor/laravel/framework/src/Illuminate/Pipeline/Pipeline.php(167): Illuminate\\Foundation\\Http\\Middleware\\ValidatePostSize->handle()
#35 /home/203049.cloudwaysapps.com/psgxpcbmsx/public_html/vendor/laravel/framework/src/Illuminate/Foundation/Http/Middleware/PreventRequestsDuringMaintenance.php(86): Illuminate\\Pipeline\\Pipeline->Illuminate\\Pipeline\\{closure}()
#36 /home/203049.cloudwaysapps.com/psgxpcbmsx/public_html/vendor/laravel/framework/src/Illuminate/Pipeline/Pipeline.php(167): Illuminate\\Foundation\\Http\\Middleware\\PreventRequestsDuringMaintenance->handle()
#37 /home/203049.cloudwaysapps.com/psgxpcbmsx/public_html/vendor/barryvdh/laravel-cors/src/HandleCors.php(52): Illuminate\\Pipeline\\Pipeline->Illuminate\\Pipeline\\{closure}()
#38 /home/203049.cloudwaysapps.com/psgxpcbmsx/public_html/vendor/laravel/framework/src/Illuminate/Pipeline/Pipeline.php(167): Fruitcake\\Cors\\HandleCors->handle()
#39 /home/203049.cloudwaysapps.com/psgxpcbmsx/public_html/vendor/fideloper/proxy/src/TrustProxies.php(57): Illuminate\\Pipeline\\Pipeline->Illuminate\\Pipeline\\{closure}()
#40 /home/203049.cloudwaysapps.com/psgxpcbmsx/public_html/vendor/laravel/framework/src/Illuminate/Pipeline/Pipeline.php(167): Fideloper\\Proxy\\TrustProxies->handle()
#41 /home/203049.cloudwaysapps.com/psgxpcbmsx/public_html/vendor/laravel/framework/src/Illuminate/Pipeline/Pipeline.php(103): Illuminate\\Pipeline\\Pipeline->Illuminate\\Pipeline\\{closure}()
#42 /home/203049.cloudwaysapps.com/psgxpcbmsx/public_html/vendor/laravel/framework/src/Illuminate/Foundation/Http/Kernel.php(142): Illuminate\\Pipeline\\Pipeline->then()
#43 /home/203049.cloudwaysapps.com/psgxpcbmsx/public_html/vendor/laravel/framework/src/Illuminate/Foundation/Http/Kernel.php(111): Illuminate\\Foundation\\Http\\Kernel->sendRequestThroughRouter()
#44 /home/203049.cloudwaysapps.com/psgxpcbmsx/public_html/index.php(104): Illuminate\\Foundation\\Http\\Kernel->handle()
#45 {main}
"} 
[2022-09-25 12:00:36] local.INFO: SQLSTATE[23000]: Integrity constraint violation: 1048 Column 'passenger_gender' cannot be null (SQL: insert into `booking_detail` (`created_by`, `passenger_age`, `passenger_gender`, `passenger_name`, `bus_seats_id`, `booking_id`, `updated_at`, `created_at`) values (Customer, 22, ?, dghhh, 100178, 13492, 2022-09-25 12:00:36, 2022-09-25 12:00:36))  
[2022-09-25 12:16:19] local.INFO: SQLSTATE[23000]: Integrity constraint violation: 1048 Column 'passenger_gender' cannot be null (SQL: insert into `booking_detail` (`created_by`, `passenger_age`, `passenger_gender`, `passenger_name`, `bus_seats_id`, `booking_id`, `updated_at`, `created_at`) values (Customer, 25, ?, ffcv, 100178, 13499, 2022-09-25 12:16:19, 2022-09-25 12:16:19))  
[2022-09-26 03:47:20] local.INFO: SQLSTATE[23000]: Integrity constraint violation: 1048 Column 'passenger_gender' cannot be null (SQL: insert into `booking_detail` (`created_by`, `passenger_age`, `passenger_gender`, `passenger_name`, `bus_seats_id`, `booking_id`, `updated_at`, `created_at`) values (Customer, 25, ?, dgjkjj, 100578, 13511, 2022-09-26 03:47:20, 2022-09-26 03:47:20))  
[2022-09-26 14:27:39] local.ERROR: Class 'App\Repositories\Seats' not found {"userId":1,"exception":"[object] (Error(code: 0): Class 'App\\Repositories\\Seats' not found at /home/203049.cloudwaysapps.com/psgxpcbmsx/public_html/app/Repositories/BookTicketRepository.php:119)
[stacktrace]
#0 /home/203049.cloudwaysapps.com/psgxpcbmsx/public_html/app/Services/BookTicketService.php(95): App\\Repositories\\BookTicketRepository->SaveBooking()
#1 /home/203049.cloudwaysapps.com/psgxpcbmsx/public_html/app/Http/Controllers/BookTicketController.php(307): App\\Services\\BookTicketService->bookTicket()
#2 /home/203049.cloudwaysapps.com/psgxpcbmsx/public_html/vendor/laravel/framework/src/Illuminate/Routing/Controller.php(54): App\\Http\\Controllers\\BookTicketController->bookTicket()
#3 /home/203049.cloudwaysapps.com/psgxpcbmsx/public_html/vendor/laravel/framework/src/Illuminate/Routing/ControllerDispatcher.php(45): Illuminate\\Routing\\Controller->callAction()
#4 /home/203049.cloudwaysapps.com/psgxpcbmsx/public_html/vendor/laravel/framework/src/Illuminate/Routing/Route.php(262): Illuminate\\Routing\\ControllerDispatcher->dispatch()
#5 /home/203049.cloudwaysapps.com/psgxpcbmsx/public_html/vendor/laravel/framework/src/Illuminate/Routing/Route.php(205): Illuminate\\Routing\\Route->runController()
#6 /home/203049.cloudwaysapps.com/psgxpcbmsx/public_html/vendor/laravel/framework/src/Illuminate/Routing/Router.php(721): Illuminate\\Routing\\Route->run()
#7 /home/203049.cloudwaysapps.com/psgxpcbmsx/public_html/vendor/laravel/framework/src/Illuminate/Pipeline/Pipeline.php(128): Illuminate\\Routing\\Router->Illuminate\\Routing\\{closure}()
#8 /home/203049.cloudwaysapps.com/psgxpcbmsx/public_html/app/Http/Middleware/JwtMiddleware.php(40): Illuminate\\Pipeline\\Pipeline->Illuminate\\Pipeline\\{closure}()
#9 /home/203049.cloudwaysapps.com/psgxpcbmsx/public_html/vendor/laravel/framework/src/Illuminate/Pipeline/Pipeline.php(167): App\\Http\\Middleware\\JwtMiddleware->handle()
#10 /home/203049.cloudwaysapps.com/psgxpcbmsx/public_html/vendor/laravel/framework/src/Illuminate/Routing/Middleware/ThrottleRequests.php(127): Illuminate\\Pipeline\\Pipeline->Illuminate\\Pipeline\\{closure}()
#11 /home/203049.cloudwaysapps.com/psgxpcbmsx/public_html/vendor/laravel/framework/src/Illuminate/Routing/Middleware/ThrottleRequests.php(63): Illuminate\\Routing\\Middleware\\ThrottleRequests->handleRequest()
#12 /home/203049.cloudwaysapps.com/psgxpcbmsx/public_html/vendor/laravel/framework/src/Illuminate/Pipeline/Pipeline.php(167): Illuminate\\Routing\\Middleware\\ThrottleRequests->handle()
#13 /home/203049.cloudwaysapps.com/psgxpcbmsx/public_html/vendor/laravel/framework/src/Illuminate/Pipeline/Pipeline.php(103): Illuminate\\Pipeline\\Pipeline->Illuminate\\Pipeline\\{closure}()
#14 /home/203049.cloudwaysapps.com/psgxpcbmsx/public_html/vendor/laravel/framework/src/Illuminate/Routing/Router.php(723): Illuminate\\Pipeline\\Pipeline->then()
#15 /home/203049.cloudwaysapps.com/psgxpcbmsx/public_html/vendor/laravel/framework/src/Illuminate/Routing/Router.php(698): Illuminate\\Routing\\Router->runRouteWithinStack()
#16 /home/203049.cloudwaysapps.com/psgxpcbmsx/public_html/vendor/laravel/framework/src/Illuminate/Routing/Router.php(662): Illuminate\\Routing\\Router->runRoute()
#17 /home/203049.cloudwaysapps.com/psgxpcbmsx/public_html/vendor/laravel/framework/src/Illuminate/Routing/Router.php(651): Illuminate\\Routing\\Router->dispatchToRoute()
#18 /home/203049.cloudwaysapps.com/psgxpcbmsx/public_html/vendor/laravel/framework/src/Illuminate/Foundation/Http/Kernel.php(167): Illuminate\\Routing\\Router->dispatch()
#19 /home/203049.cloudwaysapps.com/psgxpcbmsx/public_html/vendor/laravel/framework/src/Illuminate/Pipeline/Pipeline.php(128): Illuminate\\Foundation\\Http\\Kernel->Illuminate\\Foundation\\Http\\{closure}()
#20 /home/203049.cloudwaysapps.com/psgxpcbmsx/public_html/vendor/laravel/framework/src/Illuminate/View/Middleware/ShareErrorsFromSession.php(49): Illuminate\\Pipeline\\Pipeline->Illuminate\\Pipeline\\{closure}()
#21 /home/203049.cloudwaysapps.com/psgxpcbmsx/public_html/vendor/laravel/framework/src/Illuminate/Pipeline/Pipeline.php(167): Illuminate\\View\\Middleware\\ShareErrorsFromSession->handle()
#22 /home/203049.cloudwaysapps.com/psgxpcbmsx/public_html/vendor/laravel/framework/src/Illuminate/Session/Middleware/StartSession.php(121): Illuminate\\Pipeline\\Pipeline->Illuminate\\Pipeline\\{closure}()
#23 /home/203049.cloudwaysapps.com/psgxpcbmsx/public_html/vendor/laravel/framework/src/Illuminate/Session/Middleware/StartSession.php(64): Illuminate\\Session\\Middleware\\StartSession->handleStatefulRequest()
#24 /home/203049.cloudwaysapps.com/psgxpcbmsx/public_html/vendor/laravel/framework/src/Illuminate/Pipeline/Pipeline.php(167): Illuminate\\Session\\Middleware\\StartSession->handle()
#25 /home/203049.cloudwaysapps.com/psgxpcbmsx/public_html/vendor/laravel/framework/src/Illuminate/Foundation/Http/Middleware/TransformsRequest.php(21): Illuminate\\Pipeline\\Pipeline->Illuminate\\Pipeline\\{closure}()
#26 /home/203049.cloudwaysapps.com/psgxpcbmsx/public_html/vendor/laravel/framework/src/Illuminate/Foundation/Http/Middleware/ConvertEmptyStringsToNull.php(31): Illuminate\\Foundation\\Http\\Middleware\\TransformsRequest->handle()
#27 /home/203049.cloudwaysapps.com/psgxpcbmsx/public_html/vendor/laravel/framework/src/Illuminate/Pipeline/Pipeline.php(167): Illuminate\\Foundation\\Http\\Middleware\\ConvertEmptyStringsToNull->handle()
#28 /home/203049.cloudwaysapps.com/psgxpcbmsx/public_html/vendor/laravel/framework/src/Illuminate/Foundation/Http/Middleware/TransformsRequest.php(21): Illuminate\\Pipeline\\Pipeline->Illuminate\\Pipeline\\{closure}()
#29 /home/203049.cloudwaysapps.com/psgxpcbmsx/public_html/vendor/laravel/framework/src/Illuminate/Foundation/Http/Middleware/TrimStrings.php(40): Illuminate\\Foundation\\Http\\Middleware\\TransformsRequest->handle()
#30 /home/203049.cloudwaysapps.com/psgxpcbmsx/public_html/vendor/laravel/framework/src/Illuminate/Pipeline/Pipeline.php(167): Illuminate\\Foundation\\Http\\Middleware\\TrimStrings->handle()
#31 /home/203049.cloudwaysapps.com/psgxpcbmsx/public_html/vendor/laravel/framework/src/Illuminate/Foundation/Http/Middleware/ValidatePostSize.php(27): Illuminate\\Pipeline\\Pipeline->Illuminate\\Pipeline\\{closure}()
#32 /home/203049.cloudwaysapps.com/psgxpcbmsx/public_html/vendor/laravel/framework/src/Illuminate/Pipeline/Pipeline.php(167): Illuminate\\Foundation\\Http\\Middleware\\ValidatePostSize->handle()
#33 /home/203049.cloudwaysapps.com/psgxpcbmsx/public_html/vendor/laravel/framework/src/Illuminate/Foundation/Http/Middleware/PreventRequestsDuringMaintenance.php(86): Illuminate\\Pipeline\\Pipeline->Illuminate\\Pipeline\\{closure}()
#34 /home/203049.cloudwaysapps.com/psgxpcbmsx/public_html/vendor/laravel/framework/src/Illuminate/Pipeline/Pipeline.php(167): Illuminate\\Foundation\\Http\\Middleware\\PreventRequestsDuringMaintenance->handle()
#35 /home/203049.cloudwaysapps.com/psgxpcbmsx/public_html/vendor/barryvdh/laravel-cors/src/HandleCors.php(52): Illuminate\\Pipeline\\Pipeline->Illuminate\\Pipeline\\{closure}()
#36 /home/203049.cloudwaysapps.com/psgxpcbmsx/public_html/vendor/laravel/framework/src/Illuminate/Pipeline/Pipeline.php(167): Fruitcake\\Cors\\HandleCors->handle()
#37 /home/203049.cloudwaysapps.com/psgxpcbmsx/public_html/vendor/fideloper/proxy/src/TrustProxies.php(57): Illuminate\\Pipeline\\Pipeline->Illuminate\\Pipeline\\{closure}()
#38 /home/203049.cloudwaysapps.com/psgxpcbmsx/public_html/vendor/laravel/framework/src/Illuminate/Pipeline/Pipeline.php(167): Fideloper\\Proxy\\TrustProxies->handle()
#39 /home/203049.cloudwaysapps.com/psgxpcbmsx/public_html/vendor/laravel/framework/src/Illuminate/Pipeline/Pipeline.php(103): Illuminate\\Pipeline\\Pipeline->Illuminate\\Pipeline\\{closure}()
#40 /home/203049.cloudwaysapps.com/psgxpcbmsx/public_html/vendor/laravel/framework/src/Illuminate/Foundation/Http/Kernel.php(142): Illuminate\\Pipeline\\Pipeline->then()
#41 /home/203049.cloudwaysapps.com/psgxpcbmsx/public_html/vendor/laravel/framework/src/Illuminate/Foundation/Http/Kernel.php(111): Illuminate\\Foundation\\Http\\Kernel->sendRequestThroughRouter()
#42 /home/203049.cloudwaysapps.com/psgxpcbmsx/public_html/index.php(104): Illuminate\\Foundation\\Http\\Kernel->handle()
#43 {main}
"} 
[2022-09-26 14:28:13] local.INFO: Undefined index: journey_dt  
[2022-09-26 14:28:50] local.INFO: Illegal string offset 'transaction_id'  
[2022-09-26 14:29:20] local.INFO: Illegal string offset 'transaction_id'  
[2022-09-26 14:43:06] local.INFO: Undefined index: journey_dt  
[2022-09-26 14:43:33] local.INFO: Undefined index: journey_dt  
[2022-09-26 15:02:31] local.INFO: in_array() expects parameter 2 to be array, object given  
[2022-09-26 15:12:00] local.INFO: in_array() expects parameter 2 to be array, object given  
[2022-09-26 15:14:42] local.INFO: in_array() expects parameter 2 to be array, object given  
[2022-09-26 15:15:43] local.INFO: in_array() expects parameter 2 to be array, object given  
[2022-09-26 15:17:06] local.INFO: in_array() expects parameter 2 to be array, object given  
[2022-09-26 15:18:57] local.INFO: in_array() expects parameter 2 to be array, object given  
[2022-09-26 15:19:15] local.INFO: in_array() expects parameter 2 to be array, object given  
[2022-09-26 15:19:52] local.INFO: in_array() expects parameter 2 to be array, object given  
[2022-09-26 15:20:32] local.INFO: in_array() expects parameter 2 to be array, object given  
[2022-09-26 15:21:11] local.INFO: in_array() expects parameter 2 to be array, object given  
[2022-09-26 15:21:37] local.INFO: in_array() expects parameter 2 to be array, object given  
[2022-09-26 15:23:04] local.INFO: in_array() expects parameter 2 to be array, object given  
[2022-09-26 15:24:48] local.INFO: in_array() expects parameter 2 to be array, object given  
[2022-09-26 15:35:15] local.INFO: in_array() expects parameter 2 to be array, object given  
[2022-09-26 15:46:02] local.INFO: in_array() expects parameter 2 to be array, object given  
[2022-09-26 16:05:08] local.INFO: Undefined index: owner_fare  
[2022-09-26 16:07:03] local.INFO: Illegal string offset 'transaction_id'  
[2022-09-26 16:12:01] local.INFO: Undefined index: transaction_id  
[2022-09-26 16:18:58] local.INFO: Undefined variable: clientId  
[2022-09-26 16:19:28] local.INFO: Illegal string offset 'transaction_id'  
[2022-09-26 16:21:42] local.INFO: Undefined index: owner_fare  
[2022-09-26 16:23:29] local.INFO: Undefined index: owner_fare  
[2022-09-26 16:25:25] local.INFO: {"transaction_id":"20220926162519387713","amount":2094,"transaction_type":"d","booking_id":13521,"balance":31717.239999999998,"user_id":91,"created_by":"ODBUS","status":1}  
[2022-09-26 16:25:26] local.INFO: array (
  'PNRNO' => '146255472',
  'Status' => '1',
  'Message' => 
  array (
  ),
)  
[2022-09-26 18:17:33] local.INFO: Illegal string offset 'transaction_id'  
[2022-09-26 18:17:53] local.INFO: Illegal string offset 'transaction_id'  
[2022-09-26 18:22:26] local.INFO: Undefined index: owner_fare  
