[2025-08-03 00:21:59] local.ERROR: SOAP-ERROR: Parsing WSDL: Couldn't load from 'http://apislvv2.itspl.net/ITSGateway.asmx?wsdl' : failed to load external entity "http://apislvv2.itspl.net/ITSGateway.asmx?wsdl"
 {"userId":1,"exception":"[object] (SoapFault(code: 0 faultcode: WSDL): SOAP-ERROR: Parsing WSDL: Couldn't load from 'http://apislvv2.itspl.net/ITSGateway.asmx?wsdl' : failed to load external entity \"http://apislvv2.itspl.net/ITSGateway.asmx?wsdl\"
 at /home/561909.cloudwaysapps.com/mjrxunpqrq/public_html/vendor/artisaninweb/laravel-soap/src/Artisaninweb/SoapWrapper/Client.php:23)
[stacktrace]
#0 /home/561909.cloudwaysapps.com/mjrxunpqrq/public_html/vendor/artisaninweb/laravel-soap/src/Artisaninweb/SoapWrapper/Client.php(23): SoapClient->SoapClient()
#1 /home/561909.cloudwaysapps.com/mjrxunpqrq/public_html/vendor/artisaninweb/laravel-soap/src/Artisaninweb/SoapWrapper/SoapWrapper.php(110): Artisaninweb\\SoapWrapper\\Client->__construct()
#2 /home/561909.cloudwaysapps.com/mjrxunpqrq/public_html/vendor/artisaninweb/laravel-soap/src/Artisaninweb/SoapWrapper/SoapWrapper.php(138): Artisaninweb\\SoapWrapper\\SoapWrapper->client()
#3 /home/561909.cloudwaysapps.com/mjrxunpqrq/public_html/app/Services/DolphinService.php(42): Artisaninweb\\SoapWrapper\\SoapWrapper->call()
#4 /home/561909.cloudwaysapps.com/mjrxunpqrq/public_html/app/Services/PopularService.php(151): App\\Services\\DolphinService->GetCityPair()
#5 /home/561909.cloudwaysapps.com/mjrxunpqrq/public_html/app/Http/Controllers/PopularController.php(96): App\\Services\\PopularService->allRoutes()
#6 /home/561909.cloudwaysapps.com/mjrxunpqrq/public_html/vendor/laravel/framework/src/Illuminate/Routing/Controller.php(54): App\\Http\\Controllers\\PopularController->allRoutes()
#7 /home/561909.cloudwaysapps.com/mjrxunpqrq/public_html/vendor/laravel/framework/src/Illuminate/Routing/ControllerDispatcher.php(45): Illuminate\\Routing\\Controller->callAction()
#8 /home/561909.cloudwaysapps.com/mjrxunpqrq/public_html/vendor/laravel/framework/src/Illuminate/Routing/Route.php(262): Illuminate\\Routing\\ControllerDispatcher->dispatch()
#9 /home/561909.cloudwaysapps.com/mjrxunpqrq/public_html/vendor/laravel/framework/src/Illuminate/Routing/Route.php(205): Illuminate\\Routing\\Route->runController()
#10 /home/561909.cloudwaysapps.com/mjrxunpqrq/public_html/vendor/laravel/framework/src/Illuminate/Routing/Router.php(721): Illuminate\\Routing\\Route->run()
#11 /home/561909.cloudwaysapps.com/mjrxunpqrq/public_html/vendor/laravel/framework/src/Illuminate/Pipeline/Pipeline.php(128): Illuminate\\Routing\\Router->Illuminate\\Routing\\{closure}()
#12 /home/561909.cloudwaysapps.com/mjrxunpqrq/public_html/app/Http/Middleware/JwtMiddleware.php(40): Illuminate\\Pipeline\\Pipeline->Illuminate\\Pipeline\\{closure}()
#13 /home/561909.cloudwaysapps.com/mjrxunpqrq/public_html/vendor/laravel/framework/src/Illuminate/Pipeline/Pipeline.php(167): App\\Http\\Middleware\\JwtMiddleware->handle()
#14 /home/561909.cloudwaysapps.com/mjrxunpqrq/public_html/vendor/laravel/framework/src/Illuminate/Pipeline/Pipeline.php(103): Illuminate\\Pipeline\\Pipeline->Illuminate\\Pipeline\\{closure}()
#15 /home/561909.cloudwaysapps.com/mjrxunpqrq/public_html/vendor/laravel/framework/src/Illuminate/Routing/Router.php(723): Illuminate\\Pipeline\\Pipeline->then()
#16 /home/561909.cloudwaysapps.com/mjrxunpqrq/public_html/vendor/laravel/framework/src/Illuminate/Routing/Router.php(698): Illuminate\\Routing\\Router->runRouteWithinStack()
#17 /home/561909.cloudwaysapps.com/mjrxunpqrq/public_html/vendor/laravel/framework/src/Illuminate/Routing/Router.php(662): Illuminate\\Routing\\Router->runRoute()
#18 /home/561909.cloudwaysapps.com/mjrxunpqrq/public_html/vendor/laravel/framework/src/Illuminate/Routing/Router.php(651): Illuminate\\Routing\\Router->dispatchToRoute()
#19 /home/561909.cloudwaysapps.com/mjrxunpqrq/public_html/vendor/laravel/framework/src/Illuminate/Foundation/Http/Kernel.php(167): Illuminate\\Routing\\Router->dispatch()
#20 /home/561909.cloudwaysapps.com/mjrxunpqrq/public_html/vendor/laravel/framework/src/Illuminate/Pipeline/Pipeline.php(128): Illuminate\\Foundation\\Http\\Kernel->Illuminate\\Foundation\\Http\\{closure}()
#21 /home/561909.cloudwaysapps.com/mjrxunpqrq/public_html/vendor/laravel/framework/src/Illuminate/View/Middleware/ShareErrorsFromSession.php(49): Illuminate\\Pipeline\\Pipeline->Illuminate\\Pipeline\\{closure}()
#22 /home/561909.cloudwaysapps.com/mjrxunpqrq/public_html/vendor/laravel/framework/src/Illuminate/Pipeline/Pipeline.php(167): Illuminate\\View\\Middleware\\ShareErrorsFromSession->handle()
#23 /home/561909.cloudwaysapps.com/mjrxunpqrq/public_html/vendor/laravel/framework/src/Illuminate/Session/Middleware/StartSession.php(121): Illuminate\\Pipeline\\Pipeline->Illuminate\\Pipeline\\{closure}()
#24 /home/561909.cloudwaysapps.com/mjrxunpqrq/public_html/vendor/laravel/framework/src/Illuminate/Session/Middleware/StartSession.php(64): Illuminate\\Session\\Middleware\\StartSession->handleStatefulRequest()
#25 /home/561909.cloudwaysapps.com/mjrxunpqrq/public_html/vendor/laravel/framework/src/Illuminate/Pipeline/Pipeline.php(167): Illuminate\\Session\\Middleware\\StartSession->handle()
#26 /home/561909.cloudwaysapps.com/mjrxunpqrq/public_html/vendor/laravel/framework/src/Illuminate/Foundation/Http/Middleware/TransformsRequest.php(21): Illuminate\\Pipeline\\Pipeline->Illuminate\\Pipeline\\{closure}()
#27 /home/561909.cloudwaysapps.com/mjrxunpqrq/public_html/vendor/laravel/framework/src/Illuminate/Foundation/Http/Middleware/ConvertEmptyStringsToNull.php(31): Illuminate\\Foundation\\Http\\Middleware\\TransformsRequest->handle()
#28 /home/561909.cloudwaysapps.com/mjrxunpqrq/public_html/vendor/laravel/framework/src/Illuminate/Pipeline/Pipeline.php(167): Illuminate\\Foundation\\Http\\Middleware\\ConvertEmptyStringsToNull->handle()
#29 /home/561909.cloudwaysapps.com/mjrxunpqrq/public_html/vendor/laravel/framework/src/Illuminate/Foundation/Http/Middleware/TransformsRequest.php(21): Illuminate\\Pipeline\\Pipeline->Illuminate\\Pipeline\\{closure}()
#30 /home/561909.cloudwaysapps.com/mjrxunpqrq/public_html/vendor/laravel/framework/src/Illuminate/Foundation/Http/Middleware/TrimStrings.php(40): Illuminate\\Foundation\\Http\\Middleware\\TransformsRequest->handle()
#31 /home/561909.cloudwaysapps.com/mjrxunpqrq/public_html/vendor/laravel/framework/src/Illuminate/Pipeline/Pipeline.php(167): Illuminate\\Foundation\\Http\\Middleware\\TrimStrings->handle()
#32 /home/561909.cloudwaysapps.com/mjrxunpqrq/public_html/vendor/laravel/framework/src/Illuminate/Foundation/Http/Middleware/ValidatePostSize.php(27): Illuminate\\Pipeline\\Pipeline->Illuminate\\Pipeline\\{closure}()
#33 /home/561909.cloudwaysapps.com/mjrxunpqrq/public_html/vendor/laravel/framework/src/Illuminate/Pipeline/Pipeline.php(167): Illuminate\\Foundation\\Http\\Middleware\\ValidatePostSize->handle()
#34 /home/561909.cloudwaysapps.com/mjrxunpqrq/public_html/vendor/laravel/framework/src/Illuminate/Foundation/Http/Middleware/PreventRequestsDuringMaintenance.php(86): Illuminate\\Pipeline\\Pipeline->Illuminate\\Pipeline\\{closure}()
#35 /home/561909.cloudwaysapps.com/mjrxunpqrq/public_html/vendor/laravel/framework/src/Illuminate/Pipeline/Pipeline.php(167): Illuminate\\Foundation\\Http\\Middleware\\PreventRequestsDuringMaintenance->handle()
#36 /home/561909.cloudwaysapps.com/mjrxunpqrq/public_html/vendor/fruitcake/laravel-cors/src/HandleCors.php(52): Illuminate\\Pipeline\\Pipeline->Illuminate\\Pipeline\\{closure}()
#37 /home/561909.cloudwaysapps.com/mjrxunpqrq/public_html/vendor/laravel/framework/src/Illuminate/Pipeline/Pipeline.php(167): Fruitcake\\Cors\\HandleCors->handle()
#38 /home/561909.cloudwaysapps.com/mjrxunpqrq/public_html/vendor/fideloper/proxy/src/TrustProxies.php(57): Illuminate\\Pipeline\\Pipeline->Illuminate\\Pipeline\\{closure}()
#39 /home/561909.cloudwaysapps.com/mjrxunpqrq/public_html/vendor/laravel/framework/src/Illuminate/Pipeline/Pipeline.php(167): Fideloper\\Proxy\\TrustProxies->handle()
#40 /home/561909.cloudwaysapps.com/mjrxunpqrq/public_html/vendor/laravel/framework/src/Illuminate/Pipeline/Pipeline.php(103): Illuminate\\Pipeline\\Pipeline->Illuminate\\Pipeline\\{closure}()
#41 /home/561909.cloudwaysapps.com/mjrxunpqrq/public_html/vendor/laravel/framework/src/Illuminate/Foundation/Http/Kernel.php(142): Illuminate\\Pipeline\\Pipeline->then()
#42 /home/561909.cloudwaysapps.com/mjrxunpqrq/public_html/vendor/laravel/framework/src/Illuminate/Foundation/Http/Kernel.php(111): Illuminate\\Foundation\\Http\\Kernel->sendRequestThroughRouter()
#43 /home/561909.cloudwaysapps.com/mjrxunpqrq/public_html/index.php(103): Illuminate\\Foundation\\Http\\Kernel->handle()
#44 {main}
"} 
[2025-08-03 00:24:35] local.ERROR: SOAP-ERROR: Parsing WSDL: Couldn't load from 'http://apislvv2.itspl.net/ITSGateway.asmx?wsdl' : failed to load external entity "http://apislvv2.itspl.net/ITSGateway.asmx?wsdl"
 {"userId":1,"exception":"[object] (SoapFault(code: 0 faultcode: WSDL): SOAP-ERROR: Parsing WSDL: Couldn't load from 'http://apislvv2.itspl.net/ITSGateway.asmx?wsdl' : failed to load external entity \"http://apislvv2.itspl.net/ITSGateway.asmx?wsdl\"
 at /home/561909.cloudwaysapps.com/mjrxunpqrq/public_html/vendor/artisaninweb/laravel-soap/src/Artisaninweb/SoapWrapper/Client.php:23)
[stacktrace]
#0 /home/561909.cloudwaysapps.com/mjrxunpqrq/public_html/vendor/artisaninweb/laravel-soap/src/Artisaninweb/SoapWrapper/Client.php(23): SoapClient->SoapClient()
#1 /home/561909.cloudwaysapps.com/mjrxunpqrq/public_html/vendor/artisaninweb/laravel-soap/src/Artisaninweb/SoapWrapper/SoapWrapper.php(110): Artisaninweb\\SoapWrapper\\Client->__construct()
#2 /home/561909.cloudwaysapps.com/mjrxunpqrq/public_html/vendor/artisaninweb/laravel-soap/src/Artisaninweb/SoapWrapper/SoapWrapper.php(138): Artisaninweb\\SoapWrapper\\SoapWrapper->client()
#3 /home/561909.cloudwaysapps.com/mjrxunpqrq/public_html/app/Services/DolphinService.php(42): Artisaninweb\\SoapWrapper\\SoapWrapper->call()
#4 /home/561909.cloudwaysapps.com/mjrxunpqrq/public_html/app/Services/PopularService.php(151): App\\Services\\DolphinService->GetCityPair()
#5 /home/561909.cloudwaysapps.com/mjrxunpqrq/public_html/app/Http/Controllers/PopularController.php(96): App\\Services\\PopularService->allRoutes()
#6 /home/561909.cloudwaysapps.com/mjrxunpqrq/public_html/vendor/laravel/framework/src/Illuminate/Routing/Controller.php(54): App\\Http\\Controllers\\PopularController->allRoutes()
#7 /home/561909.cloudwaysapps.com/mjrxunpqrq/public_html/vendor/laravel/framework/src/Illuminate/Routing/ControllerDispatcher.php(45): Illuminate\\Routing\\Controller->callAction()
#8 /home/561909.cloudwaysapps.com/mjrxunpqrq/public_html/vendor/laravel/framework/src/Illuminate/Routing/Route.php(262): Illuminate\\Routing\\ControllerDispatcher->dispatch()
#9 /home/561909.cloudwaysapps.com/mjrxunpqrq/public_html/vendor/laravel/framework/src/Illuminate/Routing/Route.php(205): Illuminate\\Routing\\Route->runController()
#10 /home/561909.cloudwaysapps.com/mjrxunpqrq/public_html/vendor/laravel/framework/src/Illuminate/Routing/Router.php(721): Illuminate\\Routing\\Route->run()
#11 /home/561909.cloudwaysapps.com/mjrxunpqrq/public_html/vendor/laravel/framework/src/Illuminate/Pipeline/Pipeline.php(128): Illuminate\\Routing\\Router->Illuminate\\Routing\\{closure}()
#12 /home/561909.cloudwaysapps.com/mjrxunpqrq/public_html/app/Http/Middleware/JwtMiddleware.php(40): Illuminate\\Pipeline\\Pipeline->Illuminate\\Pipeline\\{closure}()
#13 /home/561909.cloudwaysapps.com/mjrxunpqrq/public_html/vendor/laravel/framework/src/Illuminate/Pipeline/Pipeline.php(167): App\\Http\\Middleware\\JwtMiddleware->handle()
#14 /home/561909.cloudwaysapps.com/mjrxunpqrq/public_html/vendor/laravel/framework/src/Illuminate/Pipeline/Pipeline.php(103): Illuminate\\Pipeline\\Pipeline->Illuminate\\Pipeline\\{closure}()
#15 /home/561909.cloudwaysapps.com/mjrxunpqrq/public_html/vendor/laravel/framework/src/Illuminate/Routing/Router.php(723): Illuminate\\Pipeline\\Pipeline->then()
#16 /home/561909.cloudwaysapps.com/mjrxunpqrq/public_html/vendor/laravel/framework/src/Illuminate/Routing/Router.php(698): Illuminate\\Routing\\Router->runRouteWithinStack()
#17 /home/561909.cloudwaysapps.com/mjrxunpqrq/public_html/vendor/laravel/framework/src/Illuminate/Routing/Router.php(662): Illuminate\\Routing\\Router->runRoute()
#18 /home/561909.cloudwaysapps.com/mjrxunpqrq/public_html/vendor/laravel/framework/src/Illuminate/Routing/Router.php(651): Illuminate\\Routing\\Router->dispatchToRoute()
#19 /home/561909.cloudwaysapps.com/mjrxunpqrq/public_html/vendor/laravel/framework/src/Illuminate/Foundation/Http/Kernel.php(167): Illuminate\\Routing\\Router->dispatch()
#20 /home/561909.cloudwaysapps.com/mjrxunpqrq/public_html/vendor/laravel/framework/src/Illuminate/Pipeline/Pipeline.php(128): Illuminate\\Foundation\\Http\\Kernel->Illuminate\\Foundation\\Http\\{closure}()
#21 /home/561909.cloudwaysapps.com/mjrxunpqrq/public_html/vendor/laravel/framework/src/Illuminate/View/Middleware/ShareErrorsFromSession.php(49): Illuminate\\Pipeline\\Pipeline->Illuminate\\Pipeline\\{closure}()
#22 /home/561909.cloudwaysapps.com/mjrxunpqrq/public_html/vendor/laravel/framework/src/Illuminate/Pipeline/Pipeline.php(167): Illuminate\\View\\Middleware\\ShareErrorsFromSession->handle()
#23 /home/561909.cloudwaysapps.com/mjrxunpqrq/public_html/vendor/laravel/framework/src/Illuminate/Session/Middleware/StartSession.php(121): Illuminate\\Pipeline\\Pipeline->Illuminate\\Pipeline\\{closure}()
#24 /home/561909.cloudwaysapps.com/mjrxunpqrq/public_html/vendor/laravel/framework/src/Illuminate/Session/Middleware/StartSession.php(64): Illuminate\\Session\\Middleware\\StartSession->handleStatefulRequest()
#25 /home/561909.cloudwaysapps.com/mjrxunpqrq/public_html/vendor/laravel/framework/src/Illuminate/Pipeline/Pipeline.php(167): Illuminate\\Session\\Middleware\\StartSession->handle()
#26 /home/561909.cloudwaysapps.com/mjrxunpqrq/public_html/vendor/laravel/framework/src/Illuminate/Foundation/Http/Middleware/TransformsRequest.php(21): Illuminate\\Pipeline\\Pipeline->Illuminate\\Pipeline\\{closure}()
#27 /home/561909.cloudwaysapps.com/mjrxunpqrq/public_html/vendor/laravel/framework/src/Illuminate/Foundation/Http/Middleware/ConvertEmptyStringsToNull.php(31): Illuminate\\Foundation\\Http\\Middleware\\TransformsRequest->handle()
#28 /home/561909.cloudwaysapps.com/mjrxunpqrq/public_html/vendor/laravel/framework/src/Illuminate/Pipeline/Pipeline.php(167): Illuminate\\Foundation\\Http\\Middleware\\ConvertEmptyStringsToNull->handle()
#29 /home/561909.cloudwaysapps.com/mjrxunpqrq/public_html/vendor/laravel/framework/src/Illuminate/Foundation/Http/Middleware/TransformsRequest.php(21): Illuminate\\Pipeline\\Pipeline->Illuminate\\Pipeline\\{closure}()
#30 /home/561909.cloudwaysapps.com/mjrxunpqrq/public_html/vendor/laravel/framework/src/Illuminate/Foundation/Http/Middleware/TrimStrings.php(40): Illuminate\\Foundation\\Http\\Middleware\\TransformsRequest->handle()
#31 /home/561909.cloudwaysapps.com/mjrxunpqrq/public_html/vendor/laravel/framework/src/Illuminate/Pipeline/Pipeline.php(167): Illuminate\\Foundation\\Http\\Middleware\\TrimStrings->handle()
#32 /home/561909.cloudwaysapps.com/mjrxunpqrq/public_html/vendor/laravel/framework/src/Illuminate/Foundation/Http/Middleware/ValidatePostSize.php(27): Illuminate\\Pipeline\\Pipeline->Illuminate\\Pipeline\\{closure}()
#33 /home/561909.cloudwaysapps.com/mjrxunpqrq/public_html/vendor/laravel/framework/src/Illuminate/Pipeline/Pipeline.php(167): Illuminate\\Foundation\\Http\\Middleware\\ValidatePostSize->handle()
#34 /home/561909.cloudwaysapps.com/mjrxunpqrq/public_html/vendor/laravel/framework/src/Illuminate/Foundation/Http/Middleware/PreventRequestsDuringMaintenance.php(86): Illuminate\\Pipeline\\Pipeline->Illuminate\\Pipeline\\{closure}()
#35 /home/561909.cloudwaysapps.com/mjrxunpqrq/public_html/vendor/laravel/framework/src/Illuminate/Pipeline/Pipeline.php(167): Illuminate\\Foundation\\Http\\Middleware\\PreventRequestsDuringMaintenance->handle()
#36 /home/561909.cloudwaysapps.com/mjrxunpqrq/public_html/vendor/fruitcake/laravel-cors/src/HandleCors.php(52): Illuminate\\Pipeline\\Pipeline->Illuminate\\Pipeline\\{closure}()
#37 /home/561909.cloudwaysapps.com/mjrxunpqrq/public_html/vendor/laravel/framework/src/Illuminate/Pipeline/Pipeline.php(167): Fruitcake\\Cors\\HandleCors->handle()
#38 /home/561909.cloudwaysapps.com/mjrxunpqrq/public_html/vendor/fideloper/proxy/src/TrustProxies.php(57): Illuminate\\Pipeline\\Pipeline->Illuminate\\Pipeline\\{closure}()
#39 /home/561909.cloudwaysapps.com/mjrxunpqrq/public_html/vendor/laravel/framework/src/Illuminate/Pipeline/Pipeline.php(167): Fideloper\\Proxy\\TrustProxies->handle()
#40 /home/561909.cloudwaysapps.com/mjrxunpqrq/public_html/vendor/laravel/framework/src/Illuminate/Pipeline/Pipeline.php(103): Illuminate\\Pipeline\\Pipeline->Illuminate\\Pipeline\\{closure}()
#41 /home/561909.cloudwaysapps.com/mjrxunpqrq/public_html/vendor/laravel/framework/src/Illuminate/Foundation/Http/Kernel.php(142): Illuminate\\Pipeline\\Pipeline->then()
#42 /home/561909.cloudwaysapps.com/mjrxunpqrq/public_html/vendor/laravel/framework/src/Illuminate/Foundation/Http/Kernel.php(111): Illuminate\\Foundation\\Http\\Kernel->sendRequestThroughRouter()
#43 /home/561909.cloudwaysapps.com/mjrxunpqrq/public_html/index.php(103): Illuminate\\Foundation\\Http\\Kernel->handle()
#44 {main}
"} 
